<?xml version="1.0" encoding="UTF-8"?>
<testsuite xmlns:xsi="http://www.w3.org/2001/XMLSchema-instance" xsi:noNamespaceSchemaLocation="https://maven.apache.org/surefire/maven-surefire-plugin/xsd/surefire-test-report-3.0.xsd" version="3.0" name="com.artverse.ArtVerseApplicationTests" time="10.025" tests="1" errors="0" skipped="0" failures="0">
  <properties>
[...]
</properties>
  <testcase name="contextLoads" classname="com.artverse.ArtVerseApplicationTests" time="3.394">
    <system-out><![CDATA[12:59:47.911 [main] INFO org.springframework.test.context.support.AnnotationConfigContextLoaderUtils -- Could not detect default configuration classes for test class [com.artverse.ArtVerseApplicationTests]: ArtVerseApplicationTests does not declare any static, non-private, non-final, nested classes annotated with @Configuration.
12:59:48.024 [main] INFO org.springframework.boot.test.context.SpringBootTestContextBootstrapper -- Found @SpringBootConfiguration com.artverse.ArtVerseApplication for test class com.artverse.ArtVerseApplicationTests

  .   ____          _            __ _ _
 /\\ / ___'_ __ _ _(_)_ __  __ _ \ \ \ \
( ( )\___ | '_ | '_| | '_ \/ _` | \ \ \ \
 \\/  ___)| |_)| | | | | || (_| |  ) ) ) )
  '  |____| .__|_| |_|_| |_\__, | / / / /
 =========|_|==============|___/=/_/_/_/

 :: Spring Boot ::                (v3.3.5)

2026-05-29T12:59:48.499+08:00  INFO 14492 --- [           main] com.artverse.ArtVerseApplicationTests    : Starting ArtVerseApplicationTests using Java 21.0.5 with PID 14492 (started by ASUS in D:\develop\Vibe Coding\ArtVerse)
2026-05-29T12:59:48.500+08:00  INFO 14492 --- [           main] com.artverse.ArtVerseApplicationTests    : The following 1 profile is active: "test"
2026-05-29T12:59:49.244+08:00  INFO 14492 --- [           main] .s.d.r.c.RepositoryConfigurationDelegate : Bootstrapping Spring Data JPA repositories in DEFAULT mode.
2026-05-29T12:59:49.419+08:00  INFO 14492 --- [           main] .s.d.r.c.RepositoryConfigurationDelegate : Finished Spring Data repository scanning in 168 ms. Found 5 JPA repository interfaces.
2026-05-29T12:59:50.081+08:00  INFO 14492 --- [           main] com.zaxxer.hikari.HikariDataSource       : HikariPool-1 - Starting...
2026-05-29T12:59:50.288+08:00  INFO 14492 --- [           main] com.zaxxer.hikari.pool.HikariPool        : HikariPool-1 - Added connection org.postgresql.jdbc.PgConnection@375084c9
2026-05-29T12:59:50.290+08:00  INFO 14492 --- [           main] com.zaxxer.hikari.HikariDataSource       : HikariPool-1 - Start completed.
2026-05-29T12:59:50.324+08:00  INFO 14492 --- [           main] org.flywaydb.core.FlywayExecutor         : Database: jdbc:postgresql://localhost:5432/manga_novel_test (PostgreSQL 16.14)
2026-05-29T12:59:50.383+08:00  INFO 14492 --- [           main] o.f.core.internal.command.DbValidate     : Successfully validated 2 migrations (execution time 00:00.033s)
2026-05-29T12:59:50.428+08:00  INFO 14492 --- [           main] o.f.core.internal.command.DbMigrate      : Current version of schema "public": 2
2026-05-29T12:59:50.432+08:00  INFO 14492 --- [           main] o.f.core.internal.command.DbMigrate      : Schema "public" is up to date. No migration necessary.
2026-05-29T12:59:50.542+08:00  INFO 14492 --- [           main] o.hibernate.jpa.internal.util.LogHelper  : HHH000204: Processing PersistenceUnitInfo [name: default]
2026-05-29T12:59:50.621+08:00  INFO 14492 --- [           main] org.hibernate.Version                    : HHH000412: Hibernate ORM core version 6.5.3.Final
2026-05-29T12:59:50.669+08:00  INFO 14492 --- [           main] o.h.c.internal.RegionFactoryInitiator    : HHH000026: Second-level cache disabled
2026-05-29T12:59:51.000+08:00  INFO 14492 --- [           main] o.s.o.j.p.SpringPersistenceUnitInfo      : No LoadTimeWeaver setup: ignoring JPA class transformer
2026-05-29T12:59:52.184+08:00  INFO 14492 --- [           main] o.h.e.t.j.p.i.JtaPlatformInitiator       : HHH000489: No JTA platform available (set 'hibernate.transaction.jta.platform' to enable JTA platform integration)
2026-05-29T12:59:52.227+08:00  INFO 14492 --- [           main] j.LocalContainerEntityManagerFactoryBean : Initialized JPA EntityManagerFactory for persistence unit 'default'
2026-05-29T12:59:52.737+08:00  INFO 14492 --- [           main] o.s.d.j.r.query.QueryEnhancerFactory     : Hibernate is in classpath; If applicable, HQL parser will be used.
2026-05-29T12:59:54.352+08:00  INFO 14492 --- [           main] com.artverse.ArtVerseApplicationTests    : Started ArtVerseApplicationTests in 6.166 seconds (process running for 7.141)
]]></system-out>
    <system-err><![CDATA[WARNING: A Java agent has been loaded dynamically (D:\develop\workspace\net\bytebuddy\byte-buddy-agent\1.14.19\byte-buddy-agent-1.14.19.jar)
WARNING: If a serviceability tool is in use, please run with -XX:+EnableDynamicAgentLoading to hide this warning
WARNING: If a serviceability tool is not in use, please run with -Djdk.instrument.traceUsage for more information
WARNING: Dynamic loading of agents will be disallowed by default in a future release
]]></system-err>
  </testcase>
</testsuite>